<?xml version="1.0" encoding="UTF-8"?>
<robot generator="Robot 7.1 (Python 3.13.0 on win32)" generated="2024-10-30T23:17:28.109430" rpa="false" schemaversion="5">
<suite id="s1" name="Test" source="C:\Users\Hector Espinoza\Documents\GitHub\PruebasAutomatizadas_PU2\PruebasAutomatizadas_PU2\Test\test.robot">
<test id="s1-t1" name="Context Menu 4" line="10">
<kw name="Iniciar Navegador" owner="keywords">
<kw name="Open Browser" owner="SeleniumLibrary">
<msg time="2024-10-30T23:17:28.236905" level="INFO">Opening browser 'chrome' to base url 'https://the-internet.herokuapp.com/context_menu'.</msg>
<msg time="2024-10-30T23:17:28.391547" level="WARN">The chromedriver version (129.0.6668.100) detected in PATH at C:\bin\chromedriver.exe might not be compatible with the detected chrome version (130.0.6723.70); currently, chromedriver 130.0.6723.91 is recommended for chrome 130.*, so it is advised to delete the driver in PATH and retry</msg>
<arg>${URL}</arg>
<arg>${BROWSER}</arg>
<doc>Opens a new browser instance to the optional ``url``.</doc>
<status status="PASS" start="2024-10-30T23:17:28.236715" elapsed="4.406517"/>
</kw>
<kw name="Maximize Browser Window" owner="SeleniumLibrary">
<doc>Maximizes current browser window.</doc>
<status status="PASS" start="2024-10-30T23:17:32.643407" elapsed="0.032960"/>
</kw>
<arg>${url_4}</arg>
<arg>${BROWSER}</arg>
<status status="PASS" start="2024-10-30T23:17:28.236259" elapsed="4.440207"/>
</kw>
<kw name="Wait Until Element Is Visible" owner="SeleniumLibrary">
<arg>xpath://div[@id="hot-spot"]</arg>
<doc>Waits until the element ``locator`` is visible.</doc>
<status status="PASS" start="2024-10-30T23:17:32.676720" elapsed="0.009967"/>
</kw>
<kw name="Execute Javascript" owner="SeleniumLibrary">
<msg time="2024-10-30T23:17:32.687045" level="INFO">Executing JavaScript:
var element = document.evaluate("//div[@id='hot-spot']", document, null, XPathResult.FIRST_ORDERED_NODE_TYPE, null).singleNodeValue; var evt = new MouseEvent('contextmenu', {bubbles: true, cancelable: true, view: window}); element.dispatchEvent(evt);
Without any arguments.</msg>
<arg>var element = document.evaluate("//div[@id='hot-spot']", document, null, XPathResult.FIRST_ORDERED_NODE_TYPE, null).singleNodeValue; var evt = new MouseEvent('contextmenu', {bubbles: true, cancelable: true, view: window}); element.dispatchEvent(evt);</arg>
<doc>Executes the given JavaScript code with possible arguments.</doc>
<status status="PASS" start="2024-10-30T23:17:32.686832" elapsed="0.004244"/>
</kw>
<kw name="Alert Should Be Present" owner="SeleniumLibrary">
<msg time="2024-10-30T23:17:32.691278" level="INFO">HANDLE::&lt;class 'NoneType'&gt;::None</msg>
<doc>Verifies that an alert is present and by default, accepts it.</doc>
<status status="PASS" start="2024-10-30T23:17:32.691213" elapsed="0.001683"/>
</kw>
<kw name="Alert Should Not Be Present" owner="SeleniumLibrary">
<doc>Verifies that no alert is present.</doc>
<status status="PASS" start="2024-10-30T23:17:32.693043" elapsed="5.012402"/>
</kw>
<kw name="Close Browser" owner="SeleniumLibrary" type="TEARDOWN">
<doc>Closes the current browser.</doc>
<status status="PASS" start="2024-10-30T23:17:37.705764" elapsed="2.073772"/>
</kw>
<status status="PASS" start="2024-10-30T23:17:28.235826" elapsed="11.543866"/>
</test>
<status status="PASS" start="2024-10-30T23:17:28.110229" elapsed="11.669964"/>
</suite>
<statistics>
<total>
<stat pass="1" fail="0" skip="0">All Tests</stat>
</total>
<tag>
</tag>
<suite>
<stat pass="1" fail="0" skip="0" id="s1" name="Test">Test</stat>
</suite>
</statistics>
<errors>
<msg time="2024-10-30T23:17:28.391547" level="WARN">The chromedriver version (129.0.6668.100) detected in PATH at C:\bin\chromedriver.exe might not be compatible with the detected chrome version (130.0.6723.70); currently, chromedriver 130.0.6723.91 is recommended for chrome 130.*, so it is advised to delete the driver in PATH and retry</msg>
</errors>
</robot>
